<?xml version="1.0" encoding="UTF-8"?>
<testng-results ignored="0" total="1" passed="1" failed="0" skipped="0">
  <reporter-output>
  </reporter-output>
  <suite started-at="2024-05-31T00:41:12 IST" name="Default suite" finished-at="2024-05-31T00:41:49 IST" duration-ms="37323">
    <groups>
    </groups>
    <test started-at="2024-05-31T00:41:12 IST" name="Default test" finished-at="2024-05-31T00:41:49 IST" duration-ms="37323">
      <class name="Basic_functionality.googleTestScript">
        <test-method is-config="true" signature="beforeMethod()[pri:0, instance:Basic_functionality.googleTestScript@71d44a3]" started-at="2024-05-31T00:41:12 IST" name="beforeMethod" finished-at="2024-05-31T00:41:44 IST" duration-ms="31809" status="PASS">
          <reporter-output>
          </reporter-output>
        </test-method> <!-- beforeMethod -->
        <test-method signature="f()[pri:0, instance:Basic_functionality.googleTestScript@71d44a3]" started-at="2024-05-31T00:41:44 IST" name="f" finished-at="2024-05-31T00:41:46 IST" duration-ms="1978" status="PASS">
          <reporter-output>
          </reporter-output>
        </test-method> <!-- f -->
        <test-method is-config="true" signature="afterMethod()[pri:0, instance:Basic_functionality.googleTestScript@71d44a3]" started-at="2024-05-31T00:41:46 IST" name="afterMethod" finished-at="2024-05-31T00:41:49 IST" duration-ms="3416" status="PASS">
          <reporter-output>
          </reporter-output>
        </test-method> <!-- afterMethod -->
      </class> <!-- Basic_functionality.googleTestScript -->
    </test> <!-- Default test -->
  </suite> <!-- Default suite -->
</testng-results>
